20230222	21:44:29	911d6e3f-e948-4108-899f-ea89af2a9645	GET	/bcnmin/blogs	http://localhost:3000
20230222	21:47:00	bb94cb9b-192d-455e-8e1d-819b0f69b384	POST	/bcnmin/blogs	undefined
20230222	21:48:17	c34d32f1-0387-46a8-bb94-e45113156ee9	POST	/bcnmin/blogs	undefined
20230222	21:48:33	07ac02e2-eeff-4a36-bd5e-84f7b6c5c1c2	GET	/bcnmin/blogs	http://localhost:3000
20230222	21:50:04	8bbfb1f2-3660-4a8c-b33d-c3eacf48995a	POST	/bcnmin/blogs	undefined
20230222	21:51:02	26eea680-52f5-4054-89e8-19394d2336c1	POST	/bcnmin/blogs	undefined
20230222	21:51:05	d7d2d527-5e9f-4ea6-9cb3-a5336c2ed16c	GET	/bcnmin/blogs	http://localhost:3000
20230222	21:51:29	ddfcefd1-77c9-4447-a299-2b3b48148b14	OPTIONS	/bcnmin/register	http://localhost:3000
20230222	21:51:29	e5b73b9a-041b-4e25-bcd0-d2a907c0715a	POST	/bcnmin/register	http://localhost:3000
20230222	21:55:20	f6b09c06-26cc-4fd5-b0a9-5be980a07bfe	OPTIONS	/bcnmin/register	http://localhost:3000
20230222	21:55:20	ad7feb1f-a1f2-4de7-887b-0ef4fa959adc	POST	/bcnmin/register	http://localhost:3000
20230222	21:56:23	804e1036-7196-46a8-b941-3e8a59ae0d12	OPTIONS	/bcnmin/auth	http://localhost:3000
20230222	21:56:23	402eb96d-33b5-4b2f-9101-6c9a0c6c69ec	POST	/bcnmin/auth	http://localhost:3000
20230222	21:56:23	57a90611-3bf6-4d2c-a3cb-bf5f4b312393	OPTIONS	/bcnmin/users/profile	http://localhost:3000
20230222	21:56:23	659cc628-f014-467d-8128-551192d09d13	GET	/bcnmin/users/profile	http://localhost:3000
20230222	21:56:23	fdc1bd62-8813-444e-bf03-25cf65c299e4	GET	/bcnmin/blogs	http://localhost:3000
20230222	21:56:23	8448b461-2119-43d4-96c7-4c59ba56a0b0	GET	/bcnmin/users/profile	http://localhost:3000
20230222	21:56:26	43571e4f-7473-41c6-ac5e-7d526d50620e	OPTIONS	/bcnmin/favorites/63f68036971377bb8caf2a8c	http://localhost:3000
20230222	21:56:26	6b51fe90-fa30-4de2-86cf-9cd0f477d26a	POST	/bcnmin/favorites/63f68036971377bb8caf2a8c	http://localhost:3000
20230222	21:56:28	0b7b08d4-6686-4de4-8ce9-8da894f0f85a	OPTIONS	/bcnmin/favorites/63f67ffc971377bb8caf2a8a	http://localhost:3000
20230222	21:56:28	de875576-a1fc-4497-8053-49750e1797f4	POST	/bcnmin/favorites/63f67ffc971377bb8caf2a8a	http://localhost:3000
20230222	21:56:31	ea5720f6-b808-40cb-bb81-6c82993dd210	DELETE	/bcnmin/favorites/63f68036971377bb8caf2a8c	http://localhost:3000
20230222	21:56:32	f84bcb22-beb8-42c1-af42-cf1ae5c0a47f	GET	/bcnmin/comments	http://localhost:3000
20230222	21:56:32	a06ac438-f1fd-4d0e-84ca-07488885e8c8	OPTIONS	/bcnmin/users/profile	http://localhost:3000
20230222	21:56:32	571d727e-f0e1-421b-a05e-6184c0e1f837	GET	/bcnmin/users/profile	http://localhost:3000
20230222	21:56:35	efe07088-6c32-40c7-9e84-9e3044387721	OPTIONS	/bcnmin/comments	http://localhost:3000
20230222	21:56:35	f67d3280-3151-4e0f-8575-e188b4dc6211	POST	/bcnmin/comments	http://localhost:3000
20230222	21:56:39	1d9e81bf-bbe7-4ddf-8c92-f34e4a6b1170	OPTIONS	/bcnmin/comments/63f68183d370891bfa405120	http://localhost:3000
20230222	21:56:39	2f3389a6-4a63-41d1-9ac9-24b4c848403e	PATCH	/bcnmin/comments/63f68183d370891bfa405120	http://localhost:3000
20230222	21:56:41	17bc2496-acf2-4a3f-806b-84996760f33a	DELETE	/bcnmin/comments/63f68183d370891bfa405120	http://localhost:3000
20230222	21:56:43	d29436b8-8bea-4eb2-a450-6439e8ff0070	OPTIONS	/bcnmin/logout	http://localhost:3000
20230222	21:56:43	3c417f69-3bc0-4b3e-9476-4e9f1c860da4	POST	/bcnmin/logout	http://localhost:3000
20230222	21:56:43	68570101-089f-4f07-ba21-ea77d51d4d0c	GET	/bcnmin/blogs	http://localhost:3000
20230222	21:57:19	c0a086c4-0efd-40e1-83dc-d9aca60a9621	OPTIONS	/bcnmin/register	http://localhost:3000
20230222	21:57:19	72469e2f-bc71-400f-8c77-a80db2a4e607	POST	/bcnmin/register	http://localhost:3000
20230222	21:57:19	8a142320-0e2f-4fd8-9a9d-abeca204ba66	OPTIONS	/bcnmin/users/profile	http://localhost:3000
20230222	21:57:19	73c0c640-cbc1-4c21-8aed-d83f9fd20326	GET	/bcnmin/users/profile	http://localhost:3000
20230222	21:57:26	42ad2571-ecda-437d-9a43-c62285c92931	OPTIONS	/bcnmin/users/profile	http://localhost:3000
20230222	21:57:26	dc28ad23-524a-45de-ba0d-ca331a0f3523	GET	/bcnmin/blogs	http://localhost:3000
20230222	21:57:26	68c8a181-ba13-4b3d-a801-5d51e6009613	GET	/bcnmin/users/profile	http://localhost:3000
20230222	21:57:29	92125d49-b9af-484f-91d7-2ce724d1ac4b	GET	/bcnmin/comments	http://localhost:3000
20230222	21:57:29	7df36772-87bc-44ba-a2f9-dcd0e705853c	GET	/bcnmin/users/profile	http://localhost:3000
20230222	21:57:49	e9afeabb-2765-4dbe-94ac-ab33255177fc	OPTIONS	/bcnmin/collab	http://localhost:3000
20230222	21:57:49	464cf540-7f77-4894-b4d5-e5d42114ff7a	POST	/bcnmin/collab	http://localhost:3000
20230222	21:58:00	2b8222e3-bff5-4ac9-863b-79424a93f1aa	OPTIONS	/bcnmin/logout	http://localhost:3000
20230222	21:58:00	ba3ff73b-470f-40a7-ac1d-601ae61e48d1	POST	/bcnmin/logout	http://localhost:3000
20230222	21:58:00	ba5b672e-1d3a-449d-970c-daf31c94ab67	GET	/bcnmin/blogs	http://localhost:3000
20230222	21:58:32	a7c787b2-a2c3-4122-86e5-41142d438a40	OPTIONS	/bcnmin/auth	http://localhost:3000
20230222	21:58:32	5afcfdf4-0c14-4ae1-ac16-4fc11cff7b3b	POST	/bcnmin/auth	http://localhost:3000
20230222	21:58:33	58c95372-8325-494e-8602-a3d18e8bc5b8	OPTIONS	/bcnmin/users/profile	http://localhost:3000
20230222	21:58:33	5111d3c7-a215-45a9-816d-9763faa855f4	GET	/bcnmin/users/profile	http://localhost:3000
20230222	21:58:33	9ee1f000-240d-44cb-8966-68a8cafb0739	GET	/bcnmin/blogs	http://localhost:3000
20230222	21:58:33	a8f31942-367e-4d3b-90b8-7bb39889968f	GET	/bcnmin/users/profile	http://localhost:3000
20230222	21:58:42	068f9bcb-45d9-4b36-8219-494cc6e4e5cc	GET	/bcnmin/blogs	http://localhost:3000
20230222	21:58:42	8a2533e3-6e3d-425f-8e67-877725af5dbc	OPTIONS	/bcnmin/users/profile	http://localhost:3000
20230222	21:58:42	ca100339-66d8-46c6-a94b-281b60f1e3de	OPTIONS	/bcnmin/refresh	http://localhost:3000
20230222	21:58:42	da4adf56-1422-4431-9786-fe7821d83e71	GET	/bcnmin/refresh	http://localhost:3000
20230222	21:58:42	ad8662d8-c7d5-416b-87bb-02b9b79459b3	GET	/bcnmin/users/profile	http://localhost:3000
20230222	21:58:42	8cb81a28-64d6-43a5-b7f0-829fbccf0802	GET	/bcnmin/users/profile	http://localhost:3000
20230222	21:59:30	93ecee00-cc2f-4c61-9394-fe04d7e1afa5	GET	/bcnmin/blogs	http://localhost:3000
20230222	21:59:30	78fe9563-eb59-4e62-81b9-2ddb5efd3a6c	OPTIONS	/bcnmin/users/profile	http://localhost:3000
20230222	21:59:30	3f969637-c262-45e3-9a24-56c95760dc07	OPTIONS	/bcnmin/refresh	http://localhost:3000
20230222	21:59:30	a156eda1-8102-4865-a485-c43fdbc56026	GET	/bcnmin/users/profile	http://localhost:3000
20230222	21:59:30	57c219ac-b36d-47e2-8142-c935c5a1623d	GET	/bcnmin/refresh	http://localhost:3000
20230222	21:59:30	0e7796d9-91a6-4461-a456-2b74a4d5ec3b	GET	/bcnmin/users/profile	http://localhost:3000
20230222	21:59:42	ec7866f7-cdbc-4dc4-8d4d-66e67a1faecc	OPTIONS	/bcnmin/users/profile	http://localhost:3000
20230222	21:59:42	ff92d006-1716-466e-bc0f-24ef0cebc3ec	OPTIONS	/bcnmin/refresh	http://localhost:3000
20230222	21:59:42	89bfc454-c59f-4173-97b2-e9c98eb26632	GET	/bcnmin/blogs	http://localhost:3000
20230222	21:59:42	54d18ca0-48cc-4cbc-9b60-cd799d6a9ee9	GET	/bcnmin/users/profile	http://localhost:3000
20230222	21:59:42	91046ae1-b818-46a2-afdf-25f1cf3820ad	GET	/bcnmin/refresh	http://localhost:3000
20230222	21:59:42	8dad69ab-8acf-4ef8-939d-e586f4ccf5a9	GET	/bcnmin/users/profile	http://localhost:3000
20230222	22:00:13	426d2ff7-b071-4fc0-94f8-28f979ad1f9c	OPTIONS	/bcnmin/users/profile	http://localhost:3000
20230222	22:00:13	b39628ab-fc03-428b-9005-d6b0a59ee749	OPTIONS	/bcnmin/refresh	http://localhost:3000
20230222	22:00:13	93c5759e-75e5-4789-b823-9565e50964b3	GET	/bcnmin/blogs	http://localhost:3000
20230222	22:00:13	477611eb-b76b-40c0-9aa0-2602e2d49c06	GET	/bcnmin/users/profile	http://localhost:3000
20230222	22:00:13	99bbbf31-b265-44f9-bae4-c7e9c2431a11	GET	/bcnmin/refresh	http://localhost:3000
20230222	22:00:13	7e652a7a-57ec-4db9-b9f9-c8f4aaa187ec	GET	/bcnmin/users/profile	http://localhost:3000
20230222	22:00:25	61f95cbf-89ec-4623-8fd4-9fb0c1e2efbb	OPTIONS	/bcnmin/users/profile	http://localhost:3000
20230222	22:00:25	4f8e94ac-7097-4c6e-8413-6d2e2a726fc7	GET	/bcnmin/blogs	http://localhost:3000
20230222	22:00:25	c251a6e7-8e5d-41dc-8a4e-7c30995e0514	OPTIONS	/bcnmin/refresh	http://localhost:3000
20230222	22:00:25	c01533ba-3b38-4f28-bfb0-75e98dddb74d	GET	/bcnmin/users/profile	http://localhost:3000
20230222	22:00:25	25ede8aa-8775-467c-ad85-8ec30d4645b7	GET	/bcnmin/refresh	http://localhost:3000
20230222	22:00:25	11984fe0-8142-45b0-998d-77832beb14fd	GET	/bcnmin/users/profile	http://localhost:3000
20230222	22:00:37	244b6daa-7594-46cf-9e2f-2dbda706f0bb	OPTIONS	/bcnmin/logout	http://localhost:3000
20230222	22:00:37	2b3391a7-ee1a-488b-94cc-4b2e72337d87	POST	/bcnmin/logout	http://localhost:3000
20230222	22:00:37	beb70722-de51-483d-bfed-6abc04d2dcfa	GET	/bcnmin/blogs	http://localhost:3000
20230222	22:02:33	a03ce5ff-1f22-4887-8394-30c371332fc9	GET	/bcnmin/blogs	http://localhost:3000
